This is pdfTeXk, Version 3.141592-1.40.3 (Web2C 7.5.6) (format=pdflatex 2012.6.29)  29 JUN 2012 18:55
entering extended mode
 %&-line parsing enabled.
**dissertacao.tex
(./dissertacao.tex
LaTeX2e <2005/12/01>
Babel <v3.8h> and hyphenation patterns for english, usenglishmax, dumylang, noh
yphenation, arabic, basque, bulgarian, coptic, welsh, czech, slovak, german, ng
erman, danish, esperanto, spanish, catalan, galician, estonian, farsi, finnish,
 french, greek, monogreek, ancientgreek, croatian, hungarian, interlingua, ibyc
us, indonesian, icelandic, italian, latin, mongolian, dutch, norsk, polish, por
tuguese, pinyin, romanian, russian, slovenian, uppersorbian, serbian, swedish, 
turkish, ukenglish, ukrainian, loaded.
(./ufpr.cls
Document Class: ufpr 2000/09/20 v0.1a Luciano Silva - Normas UFPR 
(/usr/share/texmf/tex/latex/base/size12.clo
File: size12.clo 2005/09/16 v1.4f Standard LaTeX file (size option)
)
\c@part=\count79
\c@chapter=\count80
\c@section=\count81
\c@subsection=\count82
\c@subsubsection=\count83
\c@paragraph=\count84
\c@subparagraph=\count85
\c@figure=\count86
\c@table=\count87
\abovecaptionskip=\skip41
\belowcaptionskip=\skip42
\bibindent=\dimen102
)
(/usr/share/texmf/tex/latex/base/inputenc.sty
Package: inputenc 2006/05/05 v1.1b Input encoding file
\inpenc@prehook=\toks14
\inpenc@posthook=\toks15

(/usr/share/texmf/tex/latex/ucs/utf8x.def
File: utf8x.def 2004/10/17 UCS: Input encoding UTF-8
))
(/usr/share/texmf/tex/latex/ucs/ucs.sty
Package: ucs 2004/10/17 UCS: Unicode input support

(/usr/share/texmf/tex/latex/ucs/data/uni-global.def
File: uni-global.def 2004/10/17 UCS: Unicode global data
)
\uc@secondtry=\count88
\uc@combtoks=\toks16
\uc@combtoksb=\toks17
\uc@temptokena=\toks18
)
(/usr/share/texmf/tex/latex/base/fontenc.sty
Package: fontenc 2005/09/27 v1.99g Standard LaTeX package

(/usr/share/texmf/tex/latex/base/t1enc.def
File: t1enc.def 2005/09/27 v1.99g Standard LaTeX file
LaTeX Font Info:    Redeclaring font encoding T1 on input line 43.
))
(/usr/share/texmf/tex/latex/amsfonts/amssymb.sty
Package: amssymb 2002/01/22 v2.2d

(/usr/share/texmf/tex/latex/amsfonts/amsfonts.sty
Package: amsfonts 2001/10/25 v2.2f
\@emptytoks=\toks19
\symAMSa=\mathgroup4
\symAMSb=\mathgroup5
LaTeX Font Info:    Overwriting math alphabet `\mathfrak' in version `bold'
(Font)                  U/euf/m/n --> U/euf/b/n on input line 132.
))
(/usr/share/texmf/tex/latex/amsmath/amsmath.sty
Package: amsmath 2000/07/18 v2.13 AMS math features
\@mathmargin=\skip43

For additional information on amsmath, use the `?' option.
(/usr/share/texmf/tex/latex/amsmath/amstext.sty
Package: amstext 2000/06/29 v2.01

(/usr/share/texmf/tex/latex/amsmath/amsgen.sty
File: amsgen.sty 1999/11/30 v2.0
\@emptytoks=\toks20
\ex@=\dimen103
))
(/usr/share/texmf/tex/latex/amsmath/amsbsy.sty
Package: amsbsy 1999/11/29 v1.2d
\pmbraise@=\dimen104
)
(/usr/share/texmf/tex/latex/amsmath/amsopn.sty
Package: amsopn 1999/12/14 v2.01 operator names
)
\inf@bad=\count89
LaTeX Info: Redefining \frac on input line 211.
\uproot@=\count90
\leftroot@=\count91
LaTeX Info: Redefining \overline on input line 307.
\classnum@=\count92
\DOTSCASE@=\count93
LaTeX Info: Redefining \ldots on input line 379.
LaTeX Info: Redefining \dots on input line 382.
LaTeX Info: Redefining \cdots on input line 467.
\Mathstrutbox@=\box26
\strutbox@=\box27
\big@size=\dimen105
LaTeX Font Info:    Redeclaring font encoding OML on input line 567.
LaTeX Font Info:    Redeclaring font encoding OMS on input line 568.
\macc@depth=\count94
\c@MaxMatrixCols=\count95
\dotsspace@=\muskip10
\c@parentequation=\count96
\dspbrk@lvl=\count97
\tag@help=\toks21
\row@=\count98
\column@=\count99
\maxfields@=\count100
\andhelp@=\toks22
\eqnshift@=\dimen106
\alignsep@=\dimen107
\tagshift@=\dimen108
\tagwidth@=\dimen109
\totwidth@=\dimen110
\lineht@=\dimen111
\@envbody=\toks23
\multlinegap=\skip44
\multlinetaggap=\skip45
\mathdisplay@stack=\toks24
LaTeX Info: Redefining \[ on input line 2666.
LaTeX Info: Redefining \] on input line 2667.
)
(/usr/share/texmf/tex/latex/graphics/epsfig.sty
Package: epsfig 1999/02/16 v1.7a (e)psfig emulation (SPQR)

(/usr/share/texmf/tex/latex/graphics/graphicx.sty
Package: graphicx 1999/02/16 v1.0f Enhanced LaTeX Graphics (DPC,SPQR)

(/usr/share/texmf/tex/latex/graphics/keyval.sty
Package: keyval 1999/03/16 v1.13 key=value parser (DPC)
\KV@toks@=\toks25
)
(/usr/share/texmf/tex/latex/graphics/graphics.sty
Package: graphics 2006/02/20 v1.0o Standard LaTeX Graphics (DPC,SPQR)

(/usr/share/texmf/tex/latex/graphics/trig.sty
Package: trig 1999/03/16 v1.09 sin cos tan (DPC)
)
(/usr/share/texmf/tex/latex/config/graphics.cfg
File: graphics.cfg 2007/01/18 v1.5 graphics configuration of teTeX/TeXLive
)
Package graphics Info: Driver file: pdftex.def on input line 90.

(/usr/share/texmf/tex/latex/pdftex-def/pdftex.def
File: pdftex.def 2007/01/08 v0.04d Graphics/color for pdfTeX
\Gread@gobject=\count101
))
\Gin@req@height=\dimen112
\Gin@req@width=\dimen113
)
\epsfxsize=\dimen114
\epsfysize=\dimen115
)
(/usr/share/texmf/tex/latex/multirow/multirow.sty
\bigstrutjot=\dimen116
)
(/usr/share/texmf/tex/latex/algorithms/algorithm.sty
Package: algorithm 

Document Style `algorithm' - floating environment
(/usr/share/texmf/tex/latex/float/float.sty
Package: float 2001/11/08 v1.3d Float enhancements (AL)
\c@float@type=\count102
\float@exts=\toks26
\float@box=\box28
\@float@everytoks=\toks27
\@floatcapt=\box29
)
(/usr/share/texmf/tex/latex/base/ifthen.sty
Package: ifthen 2001/05/26 v1.1c Standard LaTeX ifthen package (DPC)
)
\@float@every@algorithm=\toks28
\c@algorithm=\count103
)
(/usr/share/texmf/tex/latex/algorithms/algorithmic.sty
Package: algorithmic 2006/06/02

Document Style `algorithmic' - environment
(/usr/share/texmf/tex/latex/tools/calc.sty
Package: calc 2005/08/06 v4.2 Infix arithmetic (KKT,FJ)
\calc@Acount=\count104
\calc@Bcount=\count105
\calc@Adimen=\dimen117
\calc@Bdimen=\dimen118
\calc@Askip=\skip46
\calc@Bskip=\skip47
LaTeX Info: Redefining \setlength on input line 75.
LaTeX Info: Redefining \addtolength on input line 76.
\calc@Ccount=\count106
\calc@Cskip=\skip48
)
\c@ALC@line=\count107
\c@ALC@rem=\count108
\c@ALC@depth=\count109
\ALC@tlm=\skip49
\algorithmicindent=\skip50
)
(/usr/share/texmf/tex/latex/eqparbox/eqparbox.sty
Package: eqparbox 2004/08/02 v2.1 Create equal-widthed parboxes
\eqp@tempdima=\skip51
\eqp@tempdimb=\skip52

(/usr/share/texmf/tex/latex/tools/array.sty
Package: array 2005/08/23 v2.4b Tabular extension package (FMi)
\col@sep=\dimen119
\extrarowheight=\dimen120
\NC@list=\toks29
\extratabsurround=\skip53
\backup@length=\skip54
))
(/usr/share/texmf/tex/latex/subfigure/subfigure.sty
Package: subfigure 2002/03/15 v2.1.5 subfigure package
\subfigtopskip=\skip55
\subfigcapskip=\skip56
\subfigcaptopadj=\dimen121
\subfigbottomskip=\skip57
\subfigcapmargin=\dimen122
\subfiglabelskip=\skip58
\c@subfigure=\count110
\c@lofdepth=\count111
\c@subtable=\count112
\c@lotdepth=\count113

****************************************
* Local config file subfigure.cfg used *
****************************************
(/usr/share/texmf/tex/latex/subfigure/subfigure.cfg)
\subfig@top=\skip59
\subfig@bottom=\skip60
)
(/usr/share/texmf/tex/latex/caption/caption2.sty
Package: caption2 2005/10/03 v2.1d Customising captions (AS)


Package caption2 Warning: THIS PACKAGE IS OBSOLETE, PLEASE USE caption INSTEAD 
on input line 32.

\captionmargin=\dimen123
\captionwidth=\dimen124
\captionindent=\dimen125
Package caption2 Info: Running in caption2 v2.0 compatibility mode on input lin
e 199.
\captionlinewidth=\dimen126
\realcaptionwidth=\dimen127
Package caption2 Info: float package v1.2 (or newer) detected on input line 308
.
Package caption2 Info: subfigure package v2.1 (or newer) detected on input line
 419.
\subfigcapwidth=\dimen128
\subcapindent=\dimen129
) (/usr/share/texmf/tex/latex/setspace/setspace.sty
Package: setspace 2000/12/01 6.7 Contributed and Supported LaTeX2e package

Package: `setspace' 6.7 <2000/12/01>
) (./ps-macros.sty
PS-MACROS, University of Sussex at Brighton, 17-MAR-1992
(/usr/share/texmf/tex/generic/epsf/epsf.tex
This is `epsf.tex' v2.7.3 <23 July 2005>
\epsffilein=\read1
\epsfframemargin=\dimen130
\epsfframethickness=\dimen131
\epsfrsize=\dimen132
\epsftmp=\dimen133
\epsftsize=\dimen134
\epsfxsize=\dimen135
\epsfysize=\dimen136
\pspoints=\dimen137
)) (./dissertacao.aux)
\openout1 = `dissertacao.aux'.

LaTeX Font Info:    Checking defaults for OML/cmm/m/it on input line 55.
LaTeX Font Info:    ... okay on input line 55.
LaTeX Font Info:    Checking defaults for T1/cmr/m/n on input line 55.
LaTeX Font Info:    ... okay on input line 55.
LaTeX Font Info:    Checking defaults for OT1/cmr/m/n on input line 55.
LaTeX Font Info:    ... okay on input line 55.
LaTeX Font Info:    Checking defaults for OMS/cmsy/m/n on input line 55.
LaTeX Font Info:    ... okay on input line 55.
LaTeX Font Info:    Checking defaults for OMX/cmex/m/n on input line 55.
LaTeX Font Info:    ... okay on input line 55.
LaTeX Font Info:    Checking defaults for U/cmr/m/n on input line 55.
LaTeX Font Info:    ... okay on input line 55.
 (/usr/share/texmf/tex/latex/ucs/ucsencs.def
File: ucsencs.def 2003/11/29 Fixes to fontencodings LGR, T3
)
LaTeX Font Info:    Try loading font information for U+msa on input line 58.

(/usr/share/texmf/tex/latex/amsfonts/umsa.fd
File: umsa.fd 2002/01/19 v2.2g AMS font definitions
)
LaTeX Font Info:    Try loading font information for U+msb on input line 58.

(/usr/share/texmf/tex/latex/amsfonts/umsb.fd
File: umsb.fd 2002/01/19 v2.2g AMS font definitions
) [1

{/usr/share/texmf/fonts/map/pdftex/updmap/pdftex.map}] [1] (./dissertacao.toc)
\tf@toc=\write3
\openout3 = `dissertacao.toc'.

 [1

] (./text/abstract.tex)
[2

] (./text/capitulo1.tex
Chapter 1.
[1

] [2] [3]) (./text/capitulo1_2.tex [4]
Chapter 2.
) (./text/capitulo2.tex
Overfull \hbox (11.51257pt too wide) in paragraph at lines 7--1
[]\T1/cmr/m/n/12 [[]] pro-poses a multi-resource al-lo-ca-tor that dy-nam-i-cal
ly re-al-lo-cates re-sources for database
 []

[5

] [6]
Chapter 3.
<./images/dbms_consolidation.png, id=41, 896.34875pt x 687.56876pt>
File: ./images/dbms_consolidation.png Graphic file (type png)

<use ./images/dbms_consolidation.png> [7

 <./images/dbms_consolidation.png (PNG copy)>] [8] <./images/architecture.png, 
id=54, 1347.0325pt x 589.20125pt>
File: ./images/architecture.png Graphic file (type png)

<use ./images/architecture.png> [9] [10 <./images/architecture.png (PNG copy)>]
LaTeX Font Info:    Try loading font information for OMS+cmr on input line 99.
(/usr/share/texmf/tex/latex/base/omscmr.fd
File: omscmr.fd 1999/05/25 v2.5h Standard LaTeX font definitions
)
LaTeX Font Info:    Font shape `OMS/cmr/m/n' in size <12> not available
(Font)              Font shape `OMS/cmsy/m/n' tried instead on input line 99.

Overfull \hbox (25.92786pt too wide) in paragraph at lines 99--100
[]\T1/cmr/m/n/12 (1) De-fine a cal-i-bra-tion query $\OML/cmm/m/it/12 Q$ \T1/cm
r/m/n/12 and a cal-i-bra-tion database $\OML/cmm/m/it/12 D$\T1/cmr/m/n/12 , suc
h that $\OML/cmm/m/it/12 Cost[]\OT1/cmr/m/n/12 (\OML/cmm/m/it/12 Q; P[]; D\OT1/
cmr/m/n/12 )$
 []


Underfull \hbox (badness 10000) in paragraph at lines 99--100

 []


Underfull \hbox (badness 10000) in paragraph at lines 100--102

 []


Underfull \hbox (badness 10000) in paragraph at lines 102--103

 []


Underfull \hbox (badness 10000) in paragraph at lines 103--104

 []


Underfull \hbox (badness 10000) in paragraph at lines 104--105

 []

[11]
Overfull \hbox (23.87038pt too wide) in paragraph at lines 124--125
[] []$\OML/cmm/m/it/12 C[] \OMS/cmsy/m/n/12   \OML/cmm/m/it/12 G[] \OMS/cmsy/m/
n/12 ^^C \OML/cmm/m/it/12 Cost\OT1/cmr/m/n/12 (\OML/cmm/m/it/12 W[]; \OT1/cmr/m
/n/12 [\OML/cmm/m/it/12 r[]; r[] \OT1/cmr/m/n/12 + \OML/cmm/m/it/12 ^^N; r[]\OT
1/cmr/m/n/12 ])$  $[]$ 
 []


Overfull \hbox (24.06494pt too wide) in paragraph at lines 129--130
[] []$\OML/cmm/m/it/12 C[] \OMS/cmsy/m/n/12   \OML/cmm/m/it/12 G[] \OMS/cmsy/m/
n/12 ^^C \OML/cmm/m/it/12 Cost\OT1/cmr/m/n/12 (\OML/cmm/m/it/12 W[]; \OT1/cmr/m
/n/12 [\OML/cmm/m/it/12 r[]; r[] \OMS/cmsy/m/n/12 ^^@ \OML/cmm/m/it/12 ^^N; r[]
\OT1/cmr/m/n/12 ])$  $[]$ 
 []

[12] [13] [14] [15] [16]) (./text/capitulo3.tex [17]
Chapter 4.
<./images/one-architecture_2.png, id=86, 401.8212pt x 201.6333pt>
File: ./images/one-architecture_2.png Graphic file (type png)

<use ./images/one-architecture_2.png> [18

] [19 <./images/one-architecture_2.png>]) (./text/capitulo4.tex [20]
Chapter 5.
[21

]
Chapter 6.
[22

] [23]) (./text/capitulo5.tex [24]
Chapter 7.
) (./dissertacao.bbl [25

] (/usr/share/texmf/tex/latex/ucs/data/uni-0.def
File: uni-0.def 2004/10/17 UCS: Unicode data U+0000..U+00FF
)
Underfull \hbox (badness 1558) in paragraph at lines 18--23
\T1/cmr/m/n/12 state-of-the-art, and open ques-tions.  \T1/cmr/m/it/12 Datenban
k-Spektrum\T1/cmr/m/n/12 , 10:121--129, 2010.
 []

[26

]) [27] [1] (./dissertacao.aux) ) 
Here is how much of TeX's memory you used:
 3393 strings out of 256216
 41171 string characters out of 1917072
 98251 words of memory out of 1500000
 6569 multiletter control sequences out of 10000+200000
 19199 words of font info for 52 fonts, out of 1200000 for 2000
 645 hyphenation exceptions out of 8191
 32i,9n,24p,1889b,618s stack positions out of 5000i,500n,6000p,200000b,15000s
 </home/antonio/.texlive2007/texmf-var/fonts/p
k/ljfour/jknappen/ec/ecrm1000.600pk> </home/antonio/.texlive2007/texmf-var/font
s/pk/ljfour/jknappen/ec/ecrm0700.600pk> </home/antonio/.texlive2007/texmf-var/f
onts/pk/ljfour/jknappen/ec/ecrm0800.600pk> </home/antonio/.texlive2007/texmf-va
r/fonts/pk/ljfour/jknappen/ec/ecti1200.600pk> </home/antonio/.texlive2007/texmf
-var/fonts/pk/ljfour/jknappen/ec/ecbx1200.600pk> </home/antonio/.texlive2007/te
xmf-var/fonts/pk/ljfour/jknappen/ec/ecrm1200.600pk> </home/antonio/.texlive2007
/texmf-var/fonts/pk/ljfour/jknappen/ec/ecbx1440.600pk> </home/antonio/.texlive2
007/texmf-var/fonts/pk/ljfour/jknappen/ec/ecrm1440.600pk></usr/share/texmf/font
s/type1/bluesky/cm/cmex10.pfb></usr/share/texmf/fonts/type1/bluesky/cm/cmmi12.p
fb></usr/share/texmf/fonts/type1/bluesky/cm/cmmi6.pfb></usr/share/texmf/fonts/t
ype1/bluesky/cm/cmmi8.pfb></usr/share/texmf/fonts/type1/bluesky/cm/cmr12.pfb></
usr/share/texmf/fonts/type1/bluesky/cm/cmr8.pfb></usr/share/texmf/fonts/type1/b
luesky/cm/cmsy10.pfb></usr/share/texmf/fonts/type1/bluesky/cm/cmsy8.pfb>
Output written on dissertacao.pdf (32 pages, 588884 bytes).
PDF statistics:
 470 PDF objects out of 1000 (max. 8388607)
 0 named destinations out of 1000 (max. 131072)
 16 words of extra memory for PDF output out of 10000 (max. 10000000)

